0 info it worked if it ends with ok
1 verbose cli [ '/usr/local/bin/node',
1 verbose cli   '/usr/local/bin/npm',
1 verbose cli   'install',
1 verbose cli   '-g',
1 verbose cli   'yo',
1 verbose cli   'generator-angular',
1 verbose cli   'grunt-cli' ]
2 info using npm@3.3.12
3 info using node@v5.1.1
4 silly loadCurrentTree Starting
5 silly install loadCurrentTree
6 silly install readGlobalPackageData
7 silly fetchPackageMetaData yo
8 silly fetchPackageMetaData generator-angular
9 silly fetchPackageMetaData grunt-cli
10 silly fetchNamedPackageData yo
11 silly mapToRegistry name yo
12 silly mapToRegistry using default registry
13 silly mapToRegistry registry https://registry.npmjs.org/
14 silly mapToRegistry uri https://registry.npmjs.org/yo
15 silly fetchNamedPackageData generator-angular
16 silly mapToRegistry name generator-angular
17 silly mapToRegistry using default registry
18 silly mapToRegistry registry https://registry.npmjs.org/
19 silly mapToRegistry uri https://registry.npmjs.org/generator-angular
20 silly fetchNamedPackageData grunt-cli
21 silly mapToRegistry name grunt-cli
22 silly mapToRegistry using default registry
23 silly mapToRegistry registry https://registry.npmjs.org/
24 silly mapToRegistry uri https://registry.npmjs.org/grunt-cli
25 verbose request uri https://registry.npmjs.org/generator-angular
26 verbose request no auth needed
27 info attempt registry request try #1 at 11:02:23 PM
28 verbose request id 1d53fa5eb6b3ed96
29 http request GET https://registry.npmjs.org/generator-angular
30 verbose request uri https://registry.npmjs.org/yo
31 verbose request no auth needed
32 info attempt registry request try #1 at 11:02:23 PM
33 http request GET https://registry.npmjs.org/yo
34 verbose request uri https://registry.npmjs.org/grunt-cli
35 verbose request no auth needed
36 info attempt registry request try #1 at 11:02:23 PM
37 http request GET https://registry.npmjs.org/grunt-cli
38 info retry will retry, error on last attempt: Error: getaddrinfo ENOTFOUND registry.npmjs.org registry.npmjs.org:443
39 info retry will retry, error on last attempt: Error: getaddrinfo ENOTFOUND registry.npmjs.org registry.npmjs.org:443
40 info retry will retry, error on last attempt: Error: getaddrinfo ENOTFOUND registry.npmjs.org registry.npmjs.org:443
41 info attempt registry request try #2 at 11:02:33 PM
42 http request GET https://registry.npmjs.org/generator-angular
43 info retry will retry, error on last attempt: Error: getaddrinfo ENOTFOUND registry.npmjs.org registry.npmjs.org:443
44 info attempt registry request try #2 at 11:02:33 PM
45 http request GET https://registry.npmjs.org/yo
46 info attempt registry request try #2 at 11:02:33 PM
47 http request GET https://registry.npmjs.org/grunt-cli
48 info retry will retry, error on last attempt: Error: getaddrinfo ENOTFOUND registry.npmjs.org registry.npmjs.org:443
49 info retry will retry, error on last attempt: Error: getaddrinfo ENOTFOUND registry.npmjs.org registry.npmjs.org:443
50 info attempt registry request try #3 at 11:03:33 PM
51 http request GET https://registry.npmjs.org/generator-angular
52 silly fetchPackageMetaData Error: getaddrinfo ENOTFOUND registry.npmjs.org registry.npmjs.org:443
52 silly fetchPackageMetaData     at errnoException (dns.js:26:10)
52 silly fetchPackageMetaData     at GetAddrInfoReqWrap.onlookup [as oncomplete] (dns.js:77:26)
52 silly fetchPackageMetaData  error for generator-angular { [Error: getaddrinfo ENOTFOUND registry.npmjs.org registry.npmjs.org:443]
52 silly fetchPackageMetaData   code: 'ENOTFOUND',
52 silly fetchPackageMetaData   errno: 'ENOTFOUND',
52 silly fetchPackageMetaData   syscall: 'getaddrinfo',
52 silly fetchPackageMetaData   hostname: 'registry.npmjs.org',
52 silly fetchPackageMetaData   host: 'registry.npmjs.org',
52 silly fetchPackageMetaData   port: 443 }
53 info attempt registry request try #3 at 11:03:33 PM
54 http request GET https://registry.npmjs.org/yo
55 info attempt registry request try #3 at 11:03:33 PM
56 http request GET https://registry.npmjs.org/grunt-cli
57 silly fetchPackageMetaData Error: getaddrinfo ENOTFOUND registry.npmjs.org registry.npmjs.org:443
57 silly fetchPackageMetaData     at errnoException (dns.js:26:10)
57 silly fetchPackageMetaData     at GetAddrInfoReqWrap.onlookup [as oncomplete] (dns.js:77:26)
57 silly fetchPackageMetaData  error for yo { [Error: getaddrinfo ENOTFOUND registry.npmjs.org registry.npmjs.org:443]
57 silly fetchPackageMetaData   code: 'ENOTFOUND',
57 silly fetchPackageMetaData   errno: 'ENOTFOUND',
57 silly fetchPackageMetaData   syscall: 'getaddrinfo',
57 silly fetchPackageMetaData   hostname: 'registry.npmjs.org',
57 silly fetchPackageMetaData   host: 'registry.npmjs.org',
57 silly fetchPackageMetaData   port: 443 }
58 silly fetchPackageMetaData Error: getaddrinfo ENOTFOUND registry.npmjs.org registry.npmjs.org:443
58 silly fetchPackageMetaData     at errnoException (dns.js:26:10)
58 silly fetchPackageMetaData     at GetAddrInfoReqWrap.onlookup [as oncomplete] (dns.js:77:26)
58 silly fetchPackageMetaData  error for grunt-cli { [Error: getaddrinfo ENOTFOUND registry.npmjs.org registry.npmjs.org:443]
58 silly fetchPackageMetaData   code: 'ENOTFOUND',
58 silly fetchPackageMetaData   errno: 'ENOTFOUND',
58 silly fetchPackageMetaData   syscall: 'getaddrinfo',
58 silly fetchPackageMetaData   hostname: 'registry.npmjs.org',
58 silly fetchPackageMetaData   host: 'registry.npmjs.org',
58 silly fetchPackageMetaData   port: 443 }
59 silly rollbackFailedOptional Starting
60 silly rollbackFailedOptional Finishing
61 silly runTopLevelLifecycles Starting
62 silly runTopLevelLifecycles Finishing
63 silly install printInstalled
64 verbose stack Error: getaddrinfo ENOTFOUND registry.npmjs.org registry.npmjs.org:443
64 verbose stack     at errnoException (dns.js:26:10)
64 verbose stack     at GetAddrInfoReqWrap.onlookup [as oncomplete] (dns.js:77:26)
65 verbose cwd /Users/msarr/Desktop/you-serve
66 error Darwin 14.5.0
67 error argv "/usr/local/bin/node" "/usr/local/bin/npm" "install" "-g" "yo" "generator-angular" "grunt-cli"
68 error node v5.1.1
69 error npm  v3.3.12
70 error code ENOTFOUND
71 error errno ENOTFOUND
72 error syscall getaddrinfo
73 error network getaddrinfo ENOTFOUND registry.npmjs.org registry.npmjs.org:443
73 error network This is most likely not a problem with npm itself
73 error network and is related to network connectivity.
73 error network In most cases you are behind a proxy or have bad network settings.
73 error network
73 error network If you are behind a proxy, please make sure that the
73 error network 'proxy' config is set properly.  See: 'npm help config'
74 verbose exit [ 1, true ]
